<?xml version="1.0" encoding="UTF-8"?>
<!-- Generated by org.testng.reporters.JUnitReportReporter -->
<testsuite hostname="ADB-LAPTOP" failures="0" tests="1" name="RunLoginTest" time="8.218" errors="0" timestamp="2023-01-15T13:00:26 COT" skipped="0">
  <testcase classname="RunLoginTest" name="runScenario" time="8.218"/>
  <system-out/>
</testsuite> <!-- RunLoginTest -->
